Android_Project/NMapViewer/app/build/outputs/logs/manifest-merger-debug-report.txt
-- Merging decision tree log ---
manifest
ADDED from src\main\AndroidManifest.xml:2:1-36:12
	xmlns:android
		ADDED from src\main\AndroidManifest.xml:2:11-69
	package
		ADDED from src\main\AndroidManifest.xml:3:7-40
		INJECTED from src\main\AndroidManifest.xml
		INJECTED from src\main\AndroidManifest.xml
	android:versionName
		ADDED from src\main\AndroidManifest.xml:5:7-34
		INJECTED from src\main\AndroidManifest.xml
		INJECTED from src\main\AndroidManifest.xml
	android:versionCode
		ADDED from src\main\AndroidManifest.xml:4:7-30
		INJECTED from src\main\AndroidManifest.xml
		INJECTED from src\main\AndroidManifest.xml
supports-screens
ADDED from src\main\AndroidManifest.xml:7:7-138
	android:largeScreens
		ADDED from src\main\AndroidManifest.xml:7:25-52
	android:anyDensity
		ADDED from src\main\AndroidManifest.xml:7:110-135
	android:normalScreens
		ADDED from src\main\AndroidManifest.xml:7:53-81
	android:smallScreens
		ADDED from src\main\AndroidManifest.xml:7:82-109
uses-permission#android.permission.INTERNET
ADDED from src\main\AndroidManifest.xml:9:5-67
	android:name
		ADDED from src\main\AndroidManifest.xml:9:22-64
uses-permission#android.permission.ACCESS_FINE_LOCATION
ADDED from src\main\AndroidManifest.xml:10:5-78
	android:name
		ADDED from src\main\AndroidManifest.xml:10:22-76
uses-permission#android.permission.ACCESS_COARSE_LOCATION
ADDED from src\main\AndroidManifest.xml:11:5-80
	android:name
		ADDED from src\main\AndroidManifest.xml:11:22-78
uses-permission#android.permission.ACCESS_WIFI_STATE
ADDED from src\main\AndroidManifest.xml:12:5-75
	android:name
		ADDED from src\main\AndroidManifest.xml:12:22-73
uses-permission#android.permission.CHANGE_WIFI_STATE
ADDED from src\main\AndroidManifest.xml:13:5-75
	android:name
		ADDED from src\main\AndroidManifest.xml:13:22-73
application
ADDED from src\main\AndroidManifest.xml:15:5-34:19
MERGED from [:nmaps:] AndroidManifest.xml:11:5-14:19
	android:allowBackup
		ADDED from [:nmaps:] AndroidManifest.xml:12:9-35
	android:screenOrientation
		ADDED from src\main\AndroidManifest.xml:17:3-39
	android:label
		ADDED from src\main\AndroidManifest.xml:16:6-38
	android:icon
		ADDED from src\main\AndroidManifest.xml:15:18-47
	android:theme
		ADDED from src\main\AndroidManifest.xml:19:3-56
	android:name
		ADDED from src\main\AndroidManifest.xml:18:3-40
activity#com.nhn.android.testmap.NMapViewer
ADDED from src\main\AndroidManifest.xml:21:9-28:20
	android:configChanges
		ADDED from src\main\AndroidManifest.xml:22:19-69
	android:name
		ADDED from src\main\AndroidManifest.xml:21:19-45
intent-filter#android.intent.action.MAIN+android.intent.category.LAUNCHER
ADDED from src\main\AndroidManifest.xml:24:13-27:29
action#android.intent.action.MAIN
ADDED from src\main\AndroidManifest.xml:25:17-69
	android:name
		ADDED from src\main\AndroidManifest.xml:25:25-66
category#android.intent.category.LAUNCHER
ADDED from src\main\AndroidManifest.xml:26:17-77
	android:name
		ADDED from src\main\AndroidManifest.xml:26:27-74
activity#com.nhn.android.testmap.FragmentActivity
ADDED from src\main\AndroidManifest.xml:30:9-33:20
	android:configChanges
		ADDED from src\main\AndroidManifest.xml:31:19-69
	android:name
		ADDED from src\main\AndroidManifest.xml:30:19-51
uses-sdk
INJECTED from src\main\AndroidManifest.xml reason: use-sdk injection requested
MERGED from [:nmaps:] AndroidManifest.xml:7:5-9:41
	android:targetSdkVersion
		INJECTED from src\main\AndroidManifest.xml
		INJECTED from src\main\AndroidManifest.xml
	android:minSdkVersion
		INJECTED from src\main\AndroidManifest.xml
		INJECTED from src\main\AndroidManifest.xml